<?xml version="1.0" encoding="UTF-8"?>
<!-- Generated by org.testng.reporters.JUnitReportReporter -->
<testsuite skipped="0" hostname="bogon" name="com.lemon.api.auto.TemporaryTest" tests="5" failures="0" timestamp="27 Aug 2019 08:29:55 GMT" time="2.266" errors="0">
  <testcase name="doGetTestWayTwo" time="0.235" classname="com.lemon.api.auto.TemporaryTest"/>
  <testcase name="doGetTestWayOne" time="0.497" classname="com.lemon.api.auto.TemporaryTest"/>
  <testcase name="doPostTestOne" time="0.227" classname="com.lemon.api.auto.TemporaryTest"/>
  <testcase name="doPostTestFour" time="0.287" classname="com.lemon.api.auto.TemporaryTest"/>
  <testcase name="doGetTestOne" time="1.020" classname="com.lemon.api.auto.TemporaryTest"/>
</testsuite> <!-- com.lemon.api.auto.TemporaryTest -->
