<?xml version="1.0" encoding="UTF-8"?>
<!-- Generated by org.testng.reporters.JUnitReportReporter -->
<testsuite skipped="0" hostname="bogon" name="com.lemon.api.auto.ExcelUtil" tests="1" failures="0" timestamp="06 Sep 2019 00:07:12 GMT" time="0.010" errors="0">
  <testcase name="printPath" time="0.010" classname="com.lemon.api.auto.ExcelUtil"/>
</testsuite> <!-- com.lemon.api.auto.ExcelUtil -->
