<?xml version="1.0" encoding="UTF-8"?>
<!-- Generated by org.testng.reporters.JUnitReportReporter -->
<testsuite skipped="0" hostname="AppledeMacBook-Pro.local" name="com.lemon.api.auto.PostcodeCase2" tests="5" failures="0" timestamp="04 Sep 2019 00:17:10 GMT" time="0.850" errors="0">
  <testcase name="postDemo" time="0.088" classname="com.lemon.api.auto.PostcodeCase2"/>
  <testcase name="postDemo" time="0.135" classname="com.lemon.api.auto.PostcodeCase2"/>
  <testcase name="postDemo" time="0.413" classname="com.lemon.api.auto.PostcodeCase2"/>
  <testcase name="postDemo" time="0.097" classname="com.lemon.api.auto.PostcodeCase2"/>
  <testcase name="postDemo" time="0.117" classname="com.lemon.api.auto.PostcodeCase2"/>
</testsuite> <!-- com.lemon.api.auto.PostcodeCase2 -->
