<?xml version="1.0" encoding="UTF-8"?>
<!-- Generated by org.testng.reporters.JUnitReportReporter -->
<testsuite skipped="0" hostname="AppledeMacBook-Pro.local" name="com.lemon.api.auto.PostcodeCase3" tests="6" failures="0" timestamp="05 Sep 2019 10:39:13 GMT" time="1.334" errors="0">
  <testcase name="getExcelData" time="0.023" classname="com.lemon.api.auto.PostcodeCase3"/>
  <testcase name="postDemo" time="0.227" classname="com.lemon.api.auto.PostcodeCase3"/>
  <testcase name="postDemo" time="0.164" classname="com.lemon.api.auto.PostcodeCase3"/>
  <testcase name="postDemo" time="0.225" classname="com.lemon.api.auto.PostcodeCase3"/>
  <testcase name="postDemo" time="0.098" classname="com.lemon.api.auto.PostcodeCase3"/>
  <testcase name="postDemo" time="0.597" classname="com.lemon.api.auto.PostcodeCase3"/>
</testsuite> <!-- com.lemon.api.auto.PostcodeCase3 -->
