<?xml version="1.0" encoding="UTF-8"?>
<!-- Generated by org.testng.reporters.JUnitReportReporter -->
<testsuite skipped="0" hostname="bogon" name="com.lemon.api.auto.GetDemo" tests="1" failures="0" timestamp="28 Aug 2019 23:59:08 GMT" time="0.121" errors="0">
  <testcase name="getDemo" time="0.121" classname="com.lemon.api.auto.GetDemo"/>
</testsuite> <!-- com.lemon.api.auto.GetDemo -->
