<?xml version="1.0" encoding="UTF-8"?>
<!-- Generated by org.testng.reporters.JUnitReportReporter -->
<testsuite skipped="0" hostname="bogon" name="com.lemon.api.auto.PostcodeCase1" tests="4" failures="0" timestamp="04 Sep 2019 00:34:41 GMT" time="0.728" errors="0">
  <testcase name="postDemo1" time="0.117" classname="com.lemon.api.auto.PostcodeCase1"/>
  <testcase name="postDemo2" time="0.095" classname="com.lemon.api.auto.PostcodeCase1"/>
  <testcase name="postDemo0" time="0.414" classname="com.lemon.api.auto.PostcodeCase1"/>
  <testcase name="postDemo3" time="0.102" classname="com.lemon.api.auto.PostcodeCase1"/>
</testsuite> <!-- com.lemon.api.auto.PostcodeCase1 -->
